********************************LISTAR********************************
[0] Livre
[1] Livre
[2] Livre
[3] Livre
[4] Livre
[5] Livre
[6] Livre
[7] Livre
[8] Livre
[9] Livre
[10] Livre
********************************ALTERAR*******************************
Registro(s) nao encontrado!
FALHA AO REALIZAR OPERACAO!
********************************BUSCAR********************************
Registro(s) nao encontrado!
**********************EXCLUIR*********************
Registro(s) nao encontrado!
FALHA AO REALIZAR OPERACAO!
